
[INFO] 开始处理数据...
  -> UNG CSV路径: /home/fengxiaoyao/FilterVector/FilterVectorResults/Amazon/Results/UNG-nTfalse/Index[M32_LB100_alpha1.2_C6_EP16_AN602453_AM32_AMB64_AG80]_GT[GT_query_select_imp_A_B_C-sub-base-123456789_K10]_Search[Ls1000-Le40000-Lp1000_efsS200-efss200-efsf200-lt5000_K10_th100]/results/query_details_repeat1.csv
  -> SR  CSV路径: /home/fengxiaoyao/FilterVector/FilterVectorResults/Amazon/Results/method3/Index[M32_LB100_alpha1.2_C6_EP16_AN602453_AM32_AMB64_AG80]_GT[GT_query_select_imp_A_B_C-sub-base-123456789_K10]_Search[Ls1000-Le40000-Lp1000_efsS200-efss200-efsf200-lt5000_K10_th100]/results/query_details_repeat1.csv
[INFO] 成功读取: UNG包含 40000 条记录, SmartRoute包含 40000 条记录。
[INFO] 数据对齐完成: 成功匹配到 40000 条相同的查询。
[INFO] 耗时数据抽查 (前3条):
  -> 原 UNG 总耗时      : [512.104, 2022.3, 2208.11] ms
  -> 原 UNG ELS 耗时    : [499.679, 2008.77, 2196.66] ms
  -> SR 提取的 IntelELS : [0.0, 0.0, 0.0] ms
[INFO] 计算结束！计算使用的有效记录数: 40000


[INFO] 开始处理数据...
  -> UNG CSV路径: /home/fengxiaoyao/FilterVector/FilterVectorResults/BookReviews/Results/UNG-nTfalse/Index[M32_LB100_alpha1.2_C6_EP16_AN2065775_AM32_AMB64_AG80]_GT[GT_query_select_imp_B_C_D-weighted-sub-base-123456789_K10]_Search[Ls10-Le20000-Lp500_efsS200-efss200-efsf200-lt5000_K10_th100]/results/query_details_repeat1.csv
  -> SR  CSV路径: /home/fengxiaoyao/FilterVector/FilterVectorResults/BookReviews/Results/method3/Index[M32_LB100_alpha1.2_C6_EP16_AN2065775_AM32_AMB64_AG80]_GT[GT_query_select_imp_B_C_D-weighted-sub-base-123456789_K10]_Search[Ls10-Le20000-Lp500_efsS200-efss200-efsf200-lt5000_K10_th100]/results/query_details_repeat1.csv
[INFO] 成功读取: UNG包含 80000 条记录, SmartRoute包含 80000 条记录。
[INFO] 数据对齐完成: 成功匹配到 80000 条相同的查询。
[INFO] 耗时数据抽查 (前3条):
  -> 原 UNG 总耗时      : [2550.93, 2394.51, 2259.91] ms
  -> 原 UNG ELS 耗时    : [2542.19, 2384.61, 2242.82] ms
  -> SR 提取的 IntelELS : [0.0, 0.0, 0.0] ms
[INFO] 计算结束！计算使用的有效记录数: 80000


[INFO] 开始处理数据...
  -> UNG CSV路径: /home/fengxiaoyao/FilterVector/FilterVectorResults/Genome/Results/UNG-nTfalse/Index[M32_LB100_alpha1.2_C6_EP16_AN108077_AM32_AMB64_AG80]_GT[GT_query_select_imp_A_B_C-weighted-sub-base-123456789_K10]_Search[Ls10-Le40000-Lp1000_efsS20-efss100-efsf100-lt5000_K10_th100]/results/query_details_repeat1.csv
  -> SR  CSV路径: /home/fengxiaoyao/FilterVector/FilterVectorResults/Genome/Results/method3/Index[M32_LB100_alpha1.2_C6_EP16_AN108077_AM32_AMB64_AG80]_GT[GT_query_select_imp_A_B_C-weighted-sub-base-123456789_K10]_Search[Ls10-Le40000-Lp1000_efsS20-efss100-efsf100-lt5000_K10_th100]/results/query_details_repeat1.csv
[INFO] 成功读取: UNG包含 80000 条记录, SmartRoute包含 80000 条记录。
[INFO] 数据对齐完成: 成功匹配到 80000 条相同的查询。
[INFO] 耗时数据抽查 (前3条):
  -> 原 UNG 总耗时      : [5509.5, 6297.04, 5819.22] ms
  -> 原 UNG ELS 耗时    : [5505.21, 6292.55, 5814.95] ms
  -> SR 提取的 IntelELS : [0.0, 0.0, 0.0] ms
[INFO] 计算结束！计算使用的有效记录数: 80000


[INFO] 开始处理数据...
  -> UNG CSV路径: /home/fengxiaoyao/FilterVector/FilterVectorResults/Music/Results/UNG-nTfalse/Index[M32_LB100_alpha1.2_C6_EP16_AN1511563_AM32_AMB64_AG80]_GT[GT_query_select_imp_A_B_C-weighted-sub-base-123456789_K10]_Search[Ls1000-Le40000-Lp1000_efsS200-efss200-efsf200-lt5000_K10_th100]/results/query_details_repeat1.csv
  -> SR  CSV路径: /home/fengxiaoyao/FilterVector/FilterVectorResults/Music/Results/method3/Index[M32_LB100_alpha1.2_C6_EP16_AN1511563_AM32_AMB64_AG80]_GT[GT_query_select_imp_A_B_C-weighted-sub-base-123456789_K10]_Search[Ls1000-Le40000-Lp1000_efsS200-efss200-efsf200-lt5000_K10_th100]/results/query_details_repeat1.csv
[INFO] 成功读取: UNG包含 40000 条记录, SmartRoute包含 40000 条记录。
[INFO] 数据对齐完成: 成功匹配到 40000 条相同的查询。
[INFO] 耗时数据抽查 (前3条):
  -> 原 UNG 总耗时      : [3432.16, 3601.35, 8070.39] ms
  -> 原 UNG ELS 耗时    : [3415.66, 3584.41, 8045.63] ms
  -> SR 提取的 IntelELS : [0.0, 0.0, 0.0] ms
[INFO] 计算结束！计算使用的有效记录数: 40000


[INFO] 开始处理数据...
  -> UNG CSV路径: /home/fengxiaoyao/FilterVector/FilterVectorResults/Reviews/Results/UNG-nTfalse/Index[M32_LB100_alpha1.2_C6_EP16_AN288065_AM32_AMB64_AG80]_GT[GT_query_select_imp_A_B_C-sub-base-123456789_K10]_Search[Ls20-Le40000-Lp1000_efsS50-efss100-efsf100-lt5000_K10_th100]/results/query_details_repeat1.csv
  -> SR  CSV路径: /home/fengxiaoyao/FilterVector/FilterVectorResults/Reviews/Results/method3/Index[M32_LB100_alpha1.2_C6_EP16_AN288065_AM32_AMB64_AG80]_GT[GT_query_select_imp_A_B_C-sub-base-123456789_K10]_Search[Ls20-Le40000-Lp1000_efsS50-efss100-efsf100-lt5000_K10_th100]/results/query_details_repeat1.csv
[INFO] 成功读取: UNG包含 80000 条记录, SmartRoute包含 80000 条记录。
[INFO] 数据对齐完成: 成功匹配到 80000 条相同的查询。
[INFO] 耗时数据抽查 (前3条):
  -> 原 UNG 总耗时      : [23743.6, 564.464, 428.931] ms
  -> 原 UNG ELS 耗时    : [23714.7, 248.793, 5.2362] ms
  -> SR 提取的 IntelELS : [0.0, 163.8362, 54.798] ms
[INFO] 计算结束！计算使用的有效记录数: 80000


[INFO] 开始处理数据...
  -> UNG CSV路径: /home/fengxiaoyao/FilterVector/FilterVectorResults/Tiktok/Results/UNG-nTfalse/Index[M32_LB100_alpha1.2_C6_EP16_AN2201307_AM32_AMB64_AG80]_GT[GT_query_select_imp_A_B_C-weighted-sub-base-123456789_K10]_Search[Ls1000-Le40000-Lp1000_efsS500-efss500-efsf500-lt5000_K10_th100]/results/query_details_repeat1.csv
  -> SR  CSV路径: /home/fengxiaoyao/FilterVector/FilterVectorResults/Tiktok/Results/method3/Index[M32_LB100_alpha1.2_C6_EP16_AN2201307_AM32_AMB64_AG80]_GT[GT_query_select_imp_A_B_C-weighted-sub-base-123456789_K10]_Search[Ls1000-Le40000-Lp1000_efsS500-efss500-efsf500-lt5000_K10_th100]/results/query_details_repeat1.csv
[INFO] 成功读取: UNG包含 40000 条记录, SmartRoute包含 40000 条记录。
[INFO] 数据对齐完成: 成功匹配到 40000 条相同的查询。
[INFO] 耗时数据抽查 (前3条):
  -> 原 UNG 总耗时      : [1589.19, 1905.7, 1903.32] ms
  -> 原 UNG ELS 耗时    : [1576.38, 1887.84, 1888.13] ms
  -> SR 提取的 IntelELS : [0.0, 0.0, 0.0] ms
[INFO] 计算结束！计算使用的有效记录数: 40000


[INFO] 开始处理数据...
  -> UNG CSV路径: /home/fengxiaoyao/FilterVector/FilterVectorResults/VariousImg/Results/UNG-nTfalse/Index[M32_LB100_alpha1.2_C6_EP16_AN758935_AM32_AMB64_AG80]_GT[GT_query_select_imp_A_B_C-weighted-sub-base-123456789_K10]_Search[Ls20-Le40000-Lp1000_efsS50-efss200-efsf200-lt5000_K10_th100]/results/query_details_repeat1.csv
  -> SR  CSV路径: /home/fengxiaoyao/FilterVector/FilterVectorResults/VariousImg/Results/method3/Index[M32_LB100_alpha1.2_C6_EP16_AN758935_AM32_AMB64_AG80]_GT[GT_query_select_imp_A_B_C-weighted-sub-base-123456789_K10]_Search[Ls20-Le40000-Lp1000_efsS50-efss200-efsf200-lt5000_K10_th100]/results/query_details_repeat1.csv
[INFO] 成功读取: UNG包含 80000 条记录, SmartRoute包含 80000 条记录。
[INFO] 数据对齐完成: 成功匹配到 80000 条相同的查询。
[INFO] 耗时数据抽查 (前3条):
  -> 原 UNG 总耗时      : [77.5413, 66.5107, 65.2675] ms
  -> 原 UNG ELS 耗时    : [0.0273, 0.0185, 0.0155] ms
  -> SR 提取的 IntelELS : [0.0, 0.0, 0.0] ms
[INFO] 计算结束！计算使用的有效记录数: 80000

============================================================ 最终汇总报告 ============================================================
Dataset      | Global Ratio (Sums)  | Avg Ratio (Mean)  | Valid Queries  | Avg UNG Time    | Avg ELS in UNG  | Avg IntelELS Time
--------------------------------------------------------------------------------------------------------------------------------------
Amazon       | 0.6515               | 1.0747            | 40000          |     191.4210 ms |     150.0273 ms |       83.3229 ms
BookReviews  | 0.2381               | 1.1092            | 80000          |     154.9696 ms |     147.0789 ms |       29.0089 ms
Genome       | 0.2812               | 0.9609            | 80000          |     316.3350 ms |     312.6252 ms |       85.2472 ms
Music        | 0.3487               | 1.0422            | 40000          |     239.6696 ms |     180.8623 ms |       24.7737 ms
Reviews      | 0.3112               | 1.7576            | 80000          |      29.1655 ms |      26.7901 ms |        6.7009 ms
Tiktok       | 0.8880               | 1.0709            | 40000          |      93.0423 ms |      31.3168 ms |       20.8977 ms
VariousImg   | 0.9767               | 1.0669            | 80000          |      15.6765 ms |       5.2404 ms |        4.8753 ms
======================================================================================================================================
